<?xml version="1.0" encoding="UTF-8"?>
<coverage generated="1722012690913" clover="3.2.0">
  <project timestamp="1722012690913" name="All files">
    <metrics statements="4" coveredstatements="0" conditionals="0" coveredconditionals="0" methods="3" coveredmethods="0" elements="7" coveredelements="0" complexity="0" loc="4" ncloc="4" packages="1" files="2" classes="2"/>
    <file name="App.tsx" path="C:/Users/Mobin iT/Desktop/react-project/jest/react-test/src/App.tsx">
      <metrics statements="3" coveredstatements="0" conditionals="0" coveredconditionals="0" methods="3" coveredmethods="0"/>
      <line num="7" count="0" type="stmt"/>
      <line num="9" count="0" type="stmt"/>
      <line num="21" count="0" type="stmt"/>
    </file>
    <file name="main.tsx" path="C:/Users/Mobin iT/Desktop/react-project/jest/react-test/src/main.tsx">
      <metrics statements="1" coveredstatements="0" conditionals="0" coveredconditionals="0" methods="0" coveredmethods="0"/>
      <line num="6" count="0" type="stmt"/>
    </file>
  </project>
</coverage>
